2025-07-29 08:01:57,481  [MainThread  ]  [INFO ]  Load stage started
2025-07-29 08:02:02,205  [MainThread  ]  [INFO ]  PostgreSQL tables created successfully
2025-07-29 08:02:12,426  [MainThread  ]  [INFO ]  Loaded master_table to PostgresSQL 
2025-07-29 08:02:12,889  [MainThread  ]  [INFO ]  Loaded recommendations_exploded to PostgresSQL 
2025-07-29 08:02:15,480  [MainThread  ]  [INFO ]  Loaded artist_track to PostgresSQL 
2025-07-29 08:02:18,229  [MainThread  ]  [INFO ]  Loaded track_metadata to PostgresSQL 
2025-07-29 08:02:22,003  [MainThread  ]  [INFO ]  Loaded artist_metadata to PostgresSQL 
2025-07-29 08:02:22,005  [MainThread  ]  [INFO ]  Load stage completed
2025-07-29 08:02:22,005  [MainThread  ]  [INFO ]  Total time taken 0 hours, 0 minutes, 24 seconds
2025-07-29 08:02:22,609  [MainThread  ]  [INFO ]  Closing down clientserver connection
2025-07-29 08:23:07,752  [MainThread  ]  [INFO ]  Load stage started
2025-07-29 08:23:10,919  [MainThread  ]  [INFO ]  PostgreSQL tables created successfully
2025-07-29 08:23:20,599  [MainThread  ]  [INFO ]  Loaded master_table to PostgresSQL 
2025-07-29 08:23:20,924  [MainThread  ]  [INFO ]  Loaded recommendations_exploded to PostgresSQL 
2025-07-29 08:23:23,541  [MainThread  ]  [INFO ]  Loaded artist_track to PostgresSQL 
2025-07-29 08:23:26,028  [MainThread  ]  [INFO ]  Loaded track_metadata to PostgresSQL 
2025-07-29 08:23:29,743  [MainThread  ]  [INFO ]  Loaded artist_metadata to PostgresSQL 
2025-07-29 08:23:29,743  [MainThread  ]  [INFO ]  Load stage completed
2025-07-29 08:23:29,743  [MainThread  ]  [INFO ]  Total time taken 0 hours, 0 minutes, 21 seconds
2025-07-29 08:23:30,439  [MainThread  ]  [INFO ]  Closing down clientserver connection
